SHA256,VirusTotal Data,Malware Name,VirusTotal URL
b3bf6978d925e39f8585e4753da3f197556151bef0ad1500986a100f2ba511bc,"{'id': 'b3bf6978d925e39f8585e4753da3f197556151bef0ad1500986a100f2ba511bc', 'type': 'file', 'links': {'self': 'https://www.virustotal.com/api/v3/files/b3bf6978d925e39f8585e4753da3f197556151bef0ad1500986a100f2ba511bc'}, 'attributes': {'dot_net_assembly': {'entry_point_rva': 51672, 'metadata_header_rva': 469144, 'resources_va': 417472, 'assembly_flags': 3, 'strongname_va': 0, 'external_assemblies': {'': {'version': '0.0.0.36554'}}, 'entry_point_token': 100663626, 'tables_rows_map': '2c1190b2049b011601b702e7010043000120901161301600e820060000c65182', 'streams': {'#US': {'chi2': 513265.875, 'md5': 'c5b3bc3d9052cd13b2d91b2533d9460a', 'entropy': 3.622018337249756, 'size': 7824}, '#~': {'chi2': 1684593.0, 'md5': 'd2fcce4cf97dfe660e7704164185586b', 'entropy': 5.024242877960205, 'size': 36888}, '#Schema': {'chi2': 1020.0, 'md5': 'f1d3ff8443297732862df21dc4e57262', 'entropy': 0.0, 'size': 4}, '#Strings': {'chi2': 1020.0, 'md5': 'f1d3ff8443297732862df21dc4e57262', 'entropy': 0.0, 'size': 4}, '#GUID': {'chi2': 240.0, 'md5': '89c77fdb00a54354dc90e24d1213a608', 'entropy': 4.0, 'size': 16}, '#Blob': {'chi2': 1020.0, 'md5': 'f1d3ff8443297732862df21dc4e57262', 'entropy': 0.0, 'size': 4}}, 'tables_present': 24, 'assembly_flags_txt': 'COMIMAGE_FLAGS_ILONLY, COMIMAGE_FLAGS_32BITREQUIRED', 'assembly_data': {'majorversion': 6217, 'minorversion': 6322, 'hashalgid': 402724854, 'flags_text': 'afPublicKey , afPA_x86, afPA_AMD64, afRetargetable', 'buildnumber': 6337, 'flags': 461314923, 'revisionnumber': 6608}, 'clr_version': 'v4.0.30319', 'tables_present_map': '1f09cba25557', 'clr_meta_version': '1.1', 'tables_rows_map_log': '4979b9aa4879977664565574', 'type_definition_list': [{'namespace': 'uncategorized', 'type_definitions': []}]}, 'detectiteasy': {'filetype': 'PE32', 'values': [{'type': 'Compiler', 'name': 'VB.NET'}, {'version': 'v4.0.30319', 'type': 'Library', 'name': '.NET'}, {'type': 'Linker', 'name': 'Microsoft Linker'}]}, 'reputation': -1, 'last_analysis_results': {'Bkav': {'method': 'blacklist', 'engine_name': 'Bkav', 'engine_version': '2.0.0.1', 'engine_update': '20241012', 'category': 'malicious', 'result': 'W32.AIDetectMalware.CS'}, 'Lionic': {'method': 'blacklist', 'engine_name': 'Lionic', 'engine_version': '8.16', 'engine_update': '20241012', 'category': 'malicious', 'result': 'Trojan.Win32.Injuke.16!c'}, 'Elastic': {'method': 'blacklist', 'engine_name': 'Elastic', 'engine_version': '4.0.167', 'engine_update': '20241008', 'category': 'malicious', 'result': 'malicious (high confidence)'}, 'MicroWorld-eScan': {'method': 'blacklist', 'engine_name': 'MicroWorld-eScan', 'engine_version': '14.0.409.0', 'engine_update': '20241012', 'category': 'malicious', 'result': 'Trojan.GenericKD.39980539'}, 'CTX': {'method': 'blacklist', 'engine_name': 'CTX', 'engine_version': '2024.8.29.1', 'engine_update': '20241012', 'category': 'malicious', 'result': 'exe.trojan.msil'}, 'CAT-QuickHeal': {'method': 'blacklist', 'engine_name': 'CAT-QuickHeal', 'engine_version': '22.00', 'engine_update': '20241011', 'category': 'malicious', 'result': 'Trojan.YakbeexMSIL.ZZ4'}, 'Skyhigh': {'method': 'blacklist', 'engine_name': 'Skyhigh', 'engine_version': 'v2021.2.0+4045', 'engine_update': '20241011', 'category': 'malicious', 'result': 'BehavesLike.Win32.AgentTesla.ch'}, 'McAfee': {'method': 'blacklist', 'engine_name': 'McAfee', 'engine_version': '6.0.6.653', 'engine_update': '20241011', 'category': 'malicious', 'result': 'RDN/Generic PWS.y'}, 'Malwarebytes': {'method': 'blacklist', 'engine_name': 'Malwarebytes', 'engine_version': '4.5.5.54', 'engine_update': '20241012', 'category': 'malicious', 'result': 'Generic.Malware.AI.DDS'}, 'Zillya': {'method': 'blacklist', 'engine_name': 'Zillya', 'engine_version': '2.0.0.5214', 'engine_update': '20241011', 'category': 'malicious', 'result': 'Trojan.Kryptik.Win32.3809238'}, 'Sangfor': {'method': 'blacklist', 'engine_name': 'Sangfor', 'engine_version': '2.25.10.0', 'engine_update': '20241008', 'category': 'malicious', 'result': 'Infostealer.Msil.Kryptik.Vnj6'}, 'CrowdStrike': {'method': 'blacklist', 'engine_name': 'CrowdStrike', 'engine_version': '1.0', 'engine_update': '20231026', 'category': 'malicious', 'result': 'win/malicious_confidence_100% (W)'}, 'Alibaba': {'method': 'blacklist', 'engine_name': 'Alibaba', 'engine_version': '0.3.0.5', 'engine_update': '20190527', 'category': 'malicious', 'result': 'Trojan:Win32/runner.ali1000123'}, 'K7GW': {'method': 'blacklist', 'engine_name': 'K7GW', 'engine_version': '12.193.53542', 'engine_update': '20241011', 'category': 'malicious', 'result': 'Trojan ( 00594bb31 )'}, 'K7AntiVirus': {'method': 'blacklist', 'engine_name': 'K7AntiVirus', 'engine_version': '12.193.53542', 'engine_update': '20241012', 'category': 'malicious', 'result': 'Trojan ( 00594bb31 )'}, 'Baidu': {'method': 'blacklist', 'engine_name': 'Baidu', 'engine_version': '1.0.0.2', 'engine_update': '20190318', 'category': 'undetected', 'result': None}, 'VirIT': {'method': 'blacklist', 'engine_name': 'VirIT', 'engine_version': '9.5.807', 'engine_update': '20241011', 'category': 'malicious', 'result': 'Trojan.Win32.MSIL.DJKO'}, 'Symantec': {'method': 'blacklist', 'engine_name': 'Symantec', 'engine_version': '1.22.0.0', 'engine_update': '20241011', 'category': 'malicious', 'result': 'Trojan Horse'}, 'tehtris': {'method': 'blacklist', 'engine_name': 'tehtris', 'engine_version': 'v0.1.4', 'engine_update': '20241012', 'category': 'undetected', 'result': None}, 'ESET-NOD32': {'method': 'blacklist', 'engine_name': 'ESET-NOD32', 'engine_version': '30040', 'engine_update': '20241012', 'category': 'malicious', 'result': 'a variant of MSIL/Kryptik.AFNP'}, 'APEX': {'method': 'blacklist', 'engine_name': 'APEX', 'engine_version': '6.584', 'engine_update': '20241010', 'category': 'malicious', 'result': 'Malicious'}, 'Paloalto': {'method': 'blacklist', 'engine_name': 'Paloalto', 'engine_version': '0.9.0.1003', 'engine_update': '20241012', 'category': 'malicious', 'result': 'generic.ml'}, 'ClamAV': {'method': 'blacklist', 'engine_name': 'ClamAV', 'engine_version': '1.4.1.0', 'engine_update': '20241012', 'category': 'undetected', 'result': None}, 'GData': {'method': 'blacklist', 'engine_name': 'GData', 'engine_version': 'A:25.39040B:27.37784', 'engine_update': '20241012', 'category': 'malicious', 'result': 'Trojan.GenericKD.39980539'}, 'Kaspersky': {'method': 'blacklist', 'engine_name': 'Kaspersky', 'engine_version': '22.0.1.28', 'engine_update': '20241008', 'category': 'malicious', 'result': 'HEUR:Trojan.MSIL.Injuke.gen'}, 'BitDefender': {'method': 'blacklist', 'engine_name': 'BitDefender', 'engine_version': '7.2', 'engine_update': '20241012', 'category': 'malicious', 'result': 'Trojan.GenericKD.39980539'}, 'NANO-Antivirus': {'method': 'blacklist', 'engine_name': 'NANO-Antivirus', 'engine_version': '1.0.146.25796', 'engine_update': '20241012', 'category': 'undetected', 'result': None}, 'SUPERAntiSpyware': {'method': 'blacklist', 'engine_name': 'SUPERAntiSpyware', 'engine_version': '5.6.0.1032', 'engine_update': '20241011', 'category': 'undetected', 'result': None}, 'Avast': {'method': 'blacklist', 'engine_name': 'Avast', 'engine_version': '23.9.8494.0', 'engine_update': '20241012', 'category': 'malicious', 'result': 'Win32:PWSX-gen [Trj]'}, 'Tencent': {'method': 'blacklist', 'engine_name': 'Tencent', 'engine_version': '1.0.0.1', 'engine_update': '20241012', 'category': 'malicious', 'result': 'Msil.Trojan.Injuke.Bplw'}, 'Emsisoft': {'method': 'blacklist', 'engine_name': 'Emsisoft', 'engine_version': '2024.1.0.53752', 'engine_update': '20241012', 'category': 'malicious', 'result': 'Trojan.GenericKD.39980539 (B)'}, 'F-Secure': {'method': 'blacklist', 'engine_name': 'F-Secure', 'engine_version': '18.10.1547.307', 'engine_update': '20241012', 'category': 'malicious', 'result': 'Heuristic.HEUR/AGEN.1306795'}, 'DrWeb': {'method': 'blacklist', 'engine_name': 'DrWeb', 'engine_version': '7.0.65.5230', 'engine_update': '20241012', 'category': 'malicious', 'result': 'Trojan.PWS.Siggen3.18848'}, 'VIPRE': {'method': 'blacklist', 'engine_name': 'VIPRE', 'engine_version': '6.0.0.35', 'engine_update': '20241011', 'category': 'malicious', 'result': 'Trojan.GenericKD.39980539'}, 'TrendMicro': {'method': 'blacklist', 'engine_name': 'TrendMicro', 'engine_version': '11.0.0.1006', 'engine_update': '20241012', 'category': 'malicious', 'result': 'TrojanSpy.MSIL.NEGASTEAL.SMJ'}, 'McAfeeD': {'method': 'blacklist', 'engine_name': 'McAfeeD', 'engine_version': '1.2.0.7977', 'engine_update': '20241012', 'category': 'malicious', 'result': 'ti!B3BF6978D925'}, 'SentinelOne': {'method': 'blacklist', 'engine_name': 'SentinelOne', 'engine_version': '24.2.1.1', 'engine_update': '20240417', 'category': 'malicious', 'result': 'Static AI - Malicious PE'}, 'Trapmine': {'method': 'blacklist', 'engine_name': 'Trapmine', 'engine_version': '4.0.16.240', 'engine_update': '20241004', 'category': 'malicious', 'result': 'malicious.moderate.ml.score'}, 'CMC': {'method': 'blacklist', 'engine_name': 'CMC', 'engine_version': '2.4.2022.1', 'engine_update': '20241011', 'category': 'undetected', 'result': None}, 'Sophos': {'method': 'blacklist', 'engine_name': 'Sophos', 'engine_version': '2.5.5.0', 'engine_update': '20241012', 'category': 'malicious', 'result': 'Troj/Krypt-NN'}, 'Ikarus': {'method': 'blacklist', 'engine_name': 'Ikarus', 'engine_version': '6.3.23.0', 'engine_update': '20241012', 'category': 'malicious', 'result': 'Trojan.MSIL.Agent'}, 'FireEye': {'method': 'blacklist', 'engine_name': 'FireEye', 'engine_version': '35.47.0.0', 'engine_update': '20241012', 'category': 'malicious', 'result': 'Generic.mg.aab2b4cc874e31a4'}, 'Jiangmin': {'method': 'blacklist', 'engine_name': 'Jiangmin', 'engine_version': '16.0.100', 'engine_update': '20241011', 'category': 'undetected', 'result': None}, 'Webroot': {'method': 'blacklist', 'engine_name': 'Webroot', 'engine_version': '1.0.0.403', 'engine_update': '20241012', 'category': 'undetected', 'result': None}, 'Google': {'method': 'blacklist', 'engine_name': 'Google', 'engine_version': '1728721852', 'engine_update': '20241012', 'category': 'malicious', 'result': 'Detected'}, 'Avira': {'method': 'blacklist', 'engine_name': 'Avira', 'engine_version': '8.3.3.20', 'engine_update': '20241012', 'category': 'malicious', 'result': 'HEUR/AGEN.1306795'}, 'Varist': {'method': 'blacklist', 'engine_name': 'Varist', 'engine_version': '6.6.1.3', 'engine_update': '20241012', 'category': 'malicious', 'result': 'W32/MSIL_Kryptik.UR.gen!Eldorado'}, 'Antiy-AVL': {'method': 'blacklist', 'engine_name': 'Antiy-AVL', 'engine_version': '3.0', 'engine_update': '20241012', 'category': 'malicious', 'result': 'Trojan[PSW]/MSIL.Agensla'}, 'Kingsoft': {'method': 'blacklist', 'engine_name': 'Kingsoft', 'engine_version': 'None', 'engine_update': '20241009', 'category': 'malicious', 'result': 'malware.kb.c.993'}, 'Gridinsoft': {'method': 'blacklist', 'engine_name': 'Gridinsoft', 'engine_version': '1.0.192.174', 'engine_update': '20241012', 'category': 'undetected', 'result': None}, 'Xcitium': {'method': 'blacklist', 'engine_name': 'Xcitium', 'engine_version': '37123', 'engine_update': '20241011', 'category': 'malicious', 'result': 'Malware@#vplth49iupq0'}, 'Arcabit': {'method': 'blacklist', 'engine_name': 'Arcabit', 'engine_version': '2022.0.0.18', 'engine_update': '20241012', 'category': 'malicious', 'result': 'Trojan.Generic.D2620DFB'}, 'ViRobot': {'method': 'blacklist', 'engine_name': 'ViRobot', 'engine_version': '2014.3.20.0', 'engine_update': '20241011', 'category': 'malicious', 'result': 'Trojan.Win32.Z.Agent.854528.AA'}, 'ZoneAlarm': {'method': 'blacklist', 'engine_name': 'ZoneAlarm', 'engine_version': '1.0', 'engine_update': '20241008', 'category': 'malicious', 'result': 'HEUR:Trojan.MSIL.Injuke.gen'}, 'Microsoft': {'method': 'blacklist', 'engine_name': 'Microsoft', 'engine_version': '1.1.24080.9', 'engine_update': '20241012', 'category': 'malicious', 'result': 'Trojan:MSIL/FormBook.EWA!MTB'}, 'Cynet': {'method': 'blacklist', 'engine_name': 'Cynet', 'engine_version': '4.0.1.1', 'engine_update': '20241012', 'category': 'undetected', 'result': None}, 'AhnLab-V3': {'method': 'blacklist', 'engine_name': 'AhnLab-V3', 'engine_version': '3.26.1.10507', 'engine_update': '20241012', 'category': 'malicious', 'result': 'Malware/Win32.Generic.R117921'}, 'Acronis': {'method': 'blacklist', 'engine_name': 'Acronis', 'engine_version': '1.2.0.121', 'engine_update': '20240328', 'category': 'undetected', 'result': None}, 'VBA32': {'method': 'blacklist', 'engine_name': 'VBA32', 'engine_version': '5.0.0', 'engine_update': '20241011', 'category': 'malicious', 'result': 'Malware-Cryptor.MSIL.AgentTesla.Heur'}, 'ALYac': {'method': 'blacklist', 'engine_name': 'ALYac', 'engine_version': '2.0.0.10', 'engine_update': '20241012', 'category': 'malicious', 'result': 'Trojan.GenericKD.39980539'}, 'TACHYON': {'method': 'blacklist', 'engine_name': 'TACHYON', 'engine_version': '2024-10-12.02', 'engine_update': '20241012', 'category': 'undetected', 'result': None}, 'Cylance': {'method': 'blacklist', 'engine_name': 'Cylance', 'engine_version': '3.0.0.0', 'engine_update': '20241010', 'category': 'malicious', 'result': 'Unsafe'}, 'Panda': {'method': 'blacklist', 'engine_name': 'Panda', 'engine_version': '4.6.4.2', 'engine_update': '20241012', 'category': 'malicious', 'result': 'Trj/Chgt.AA'}, 'Zoner': {'method': 'blacklist', 'engine_name': 'Zoner', 'engine_version': '2.2.2.0', 'engine_update': '20241012', 'category': 'undetected', 'result': None}, 'TrendMicro-HouseCall': {'method': 'blacklist', 'engine_name': 'TrendMicro-HouseCall', 'engine_version': '10.0.0.1040', 'engine_update': '20241012', 'category': 'undetected', 'result': None}, 'Rising': {'method': 'blacklist', 'engine_name': 'Rising', 'engine_version': '25.0.0.28', 'engine_update': '20241012', 'category': 'malicious', 'result': 'Malware.Obfus/MSIL@AI.94 (RDM.MSIL2:zkwn8ERjqTRksTGWiScdZg)'}, 'Yandex': {'method': 'blacklist', 'engine_name': 'Yandex', 'engine_version': '5.5.2.24', 'engine_update': '20241012', 'category': 'malicious', 'result': 'Trojan.Igent.bYfid4.3'}, 'huorong': {'method': 'blacklist', 'engine_name': 'huorong', 'engine_version': '121f69a:121f69a:758103c:758103c', 'engine_update': '20241011', 'category': 'undetected', 'result': None}, 'MaxSecure': {'method': 'blacklist', 'engine_name': 'MaxSecure', 'engine_version': '1.0.0.1', 'engine_update': '20241011', 'category': 'malicious', 'result': 'Trojan.Malware.74181957.susgen'}, 'Fortinet': {'method': 'blacklist', 'engine_name': 'Fortinet', 'engine_version': 'None', 'engine_update': '20241012', 'category': 'malicious', 'result': 'MSIL/GenKryptik.FTTA!tr'}, 'AVG': {'method': 'blacklist', 'engine_name': 'AVG', 'engine_version': '23.9.8494.0', 'engine_update': '20241012', 'category': 'malicious', 'result': 'Win32:PWSX-gen [Trj]'}, 'DeepInstinct': {'method': 'blacklist', 'engine_name': 'DeepInstinct', 'engine_version': '5.0.0.8', 'engine_update': '20241007', 'category': 'malicious', 'result': 'MALICIOUS'}, 'alibabacloud': {'method': 'blacklist', 'engine_name': 'alibabacloud', 'engine_version': '2.2.0', 'engine_update': '20240910', 'category': 'malicious', 'result': 'Trojan:MSIL/FormBook.EIZ2XJC'}, 'Trustlook': {'method': 'blacklist', 'engine_name': 'Trustlook', 'engine_version': '1.0', 'engine_update': '20241012', 'category': 'type-unsupported', 'result': None}, 'SymantecMobileInsight': {'method': 'blacklist', 'engine_name': 'SymantecMobileInsight', 'engine_version': '2.0', 'engine_update': '20241007', 'category': 'type-unsupported', 'result': None}, 'BitDefenderFalx': {'method': 'blacklist', 'engine_name': 'BitDefenderFalx', 'engine_version': '2.0.936', 'engine_update': '20240128', 'category': 'type-unsupported', 'result': None}, 'Avast-Mobile': {'method': 'blacklist', 'engine_name': 'Avast-Mobile', 'engine_version': '241012-00', 'engine_update': '20241012', 'category': 'type-unsupported', 'result': None}}, 'signature_info': {'description': 'Restaurant Stock Tracker', 'file version': '1.0.0.0', 'original name': 'gAboC.exe', 'product': 'Restaurant Stock Tracker', 'internal name': 'gAboC.exe', 'copyright': 'Copyright ©  2018'}, 'creation_date': 1656054196, 'sandbox_verdicts': {'C2AE': {'category': 'undetected', 'sandbox_name': 'C2AE', 'malware_classification': ['UNKNOWN_VERDICT']}, 'Dr.Web vxCube': {'category': 'malicious', 'sandbox_name': 'Dr.Web vxCube', 'malware_classification': ['MALWARE']}, 'DAS-Security Orcas': {'category': 'harmless', 'sandbox_name': 'DAS-Security Orcas', 'malware_classification': ['CLEAN']}}, 'trid': [{'file_type': 'Generic CIL Executable (.NET, Mono, etc.)', 'probability': 71.1}, {'file_type': 'Win64 Executable (generic)', 'probability': 10.2}, {'file_type': 'Win32 Dynamic Link Library (generic)', 'probability': 6.3}, {'file_type': 'Win32 Executable (generic)', 'probability': 4.3}, {'file_type': 'Windows Icons Library (generic)', 'probability': 2.0}], 'last_submission_date': 1656071705, 'type_tag': 'peexe', 'unique_sources': 1, 'sigma_analysis_stats': {'high': 1, 'medium': 0, 'critical': 0, 'low': 1}, 'names': ['gAboC.exe', 'b3bf6978d925e39f8585e4753da3f197556151bef0ad1500986a100f2ba511bc.exe'], 'type_extension': 'exe', 'crowdsourced_ids_stats': {'high': 0, 'info': 0, 'medium': 1, 'low': 5}, 'magic': 'PE32 executable (GUI) Intel 80386 Mono/.Net assembly, for MS Windows', 'size': 854528, 'meaningful_name': 'gAboC.exe', 'last_analysis_stats': {'malicious': 58, 'suspicious': 0, 'undetected': 15, 'harmless': 0, 'timeout': 0, 'confirmed-timeout': 0, 'failure': 0, 'type-unsupported': 4}, 'vhash': '28503675151370773a448662', 'crowdsourced_ids_results': [{'rule_category': 'successful-recon-limited', 'alert_severity': 'medium', 'rule_msg': 'PROTOCOL-ICMP Unusual PING detected', 'rule_raw': 'alert icmp $HOME_NET any -> $EXTERNAL_NET any ( msg:""PROTOCOL-ICMP Unusual PING detected""; icode:0; itype:8; fragbits:!M; content:!""ABCDEFGHIJKLMNOPQRSTUVWABCDEFGHI"",depth 32; content:!""0123456789abcdefghijklmnopqrstuv"",depth 32; content:!""EEEEEEEEEEEEEEEEEEEEEEEEEEEEEEEE"",depth 36; content:!""WANG2""; content:!""cacti-monitoring-system"",depth 65; content:!""SolarWinds"",depth 72; metadata:policy max-detect-ips drop,ruleset community; reference:url,krebsonsecurity.com/2014/01/a-closer-look-at-the-target-malware-part-ii/; reference:url,krebsonsecurity.com/2014/01/a-first-look-at-the-target-intrusion-malware/; classtype:successful-recon-limited; sid:29456; rev:3; )', 'rule_references': ['https://krebsonsecurity.com/2014/01/a-closer-look-at-the-target-malware-part-ii/', 'https://krebsonsecurity.com/2014/01/a-first-look-at-the-target-intrusion-malware/'], 'rule_source': 'Snort registered user ruleset', 'rule_url': 'https://www.snort.org/downloads/#rule-downloads', 'rule_id': '1:29456'}, {'rule_category': 'protocol-command-decode', 'alert_severity': 'low', 'rule_msg': '(smtp) unknown command', 'rule_raw': 'alert ( gid:124; sid:5; rev:2; msg:""(smtp) unknown command""; metadata: policy max-detect-ips drop, rule-type preproc; service:smtp; classtype:protocol-command-decode;)', 'alert_context': [{'dest_port': 587, 'dest_ip': '94.232.174.222'}], 'rule_url': 'https://www.snort.org/downloads/#rule-downloads', 'rule_source': 'Snort registered user ruleset', 'rule_id': '124:5'}, {'rule_category': 'Generic Protocol Command Decode', 'alert_severity': 'low', 'rule_msg': 'SURICATA Applayer Detect protocol only one direction', 'rule_raw': 'alert ip any any -> any any (msg:""SURICATA Applayer Detect protocol only one direction""; flow:established; app-layer-event:applayer_detect_protocol_only_one_direction; flowint:applayer.anomaly.count,+,1; classtype:protocol-command-decode; sid:2260002; rev:1;)', 'alert_context': [{'src_ip': '94.232.174.222', 'src_port': 587}], 'rule_url': 'https://www.openinfosecfoundation.org/', 'rule_source': 'Suricata', 'rule_id': '1:2260002'}, {'rule_category': 'misc-activity', 'alert_severity': 'low', 'rule_msg': 'PROTOCOL-ICMP PING Windows', 'rule_raw': 'alert icmp $EXTERNAL_NET any -> $HOME_NET any ( msg:""PROTOCOL-ICMP PING Windows""; itype:8; content:""abcdefghijklmnop"",depth 16; metadata:ruleset community; classtype:misc-activity; sid:382; rev:11; )', 'rule_url': 'https://www.snort.org/downloads/#rule-downloads', 'rule_source': 'Snort registered user ruleset', 'rule_id': '1:382'}, {'rule_category': 'misc-activity', 'alert_severity': 'low', 'rule_msg': 'PROTOCOL-ICMP PING', 'rule_raw': 'alert icmp $EXTERNAL_NET any -> $HOME_NET any ( msg:""PROTOCOL-ICMP PING""; icode:0; itype:8; metadata:ruleset community; classtype:misc-activity; sid:384; rev:8; )', 'rule_url': 'https://www.snort.org/downloads/#rule-downloads', 'rule_source': 'Snort registered user ruleset', 'rule_id': '1:384'}, {'rule_category': 'misc-activity', 'alert_severity': 'low', 'rule_msg': 'PROTOCOL-ICMP Echo Reply', 'rule_raw': 'alert icmp $EXTERNAL_NET any -> $HOME_NET any ( msg:""PROTOCOL-ICMP Echo Reply""; icode:0; itype:0; metadata:ruleset community; classtype:misc-activity; sid:408; rev:8; )', 'rule_url': 'https://www.snort.org/downloads/#rule-downloads', 'rule_source': 'Snort registered user ruleset', 'rule_id': '1:408'}], 'magika': 'PEBIN', 'total_votes': {'harmless': 0, 'malicious': 1}, 'tags': ['runtime-modules', 'assembly', 'direct-cpu-clock-access', 'detect-debug-environment', 'peexe', 'spreader'], 'pe_info': {'timestamp': 1656054196, 'imphash': 'f34d5f2d4577ed6d9ceec516c1f5a744', 'machine_type': 332, 'entry_point': 693966, 'resource_details': [{'lang': 'NEUTRAL', 'chi2': 5465.2, 'filetype': 'PNG', 'entropy': 7.5771307945251465, 'sha256': 'c17f0b545848047ef7498c2d6ce60f0404ddde4a3d4145ab14ea461974636a4e', 'type': 'RT_ICON'}, {'lang': 'NEUTRAL', 'chi2': 5111062.5, 'filetype': 'unknown', 'entropy': 2.28266978263855, 'sha256': '264a731163fa5b6f85161b946b990b95bbbd9f82800c309fb8560d8a405b5cd3', 'type': 'RT_ICON'}, {'lang': 'NEUTRAL', 'chi2': 2830795.5, 'filetype': 'unknown', 'entropy': 2.1292505264282227, 'sha256': '1bb8dba22a7931b9b98132d51015cba4585f48cefd66dac8799ee92cc1af92be', 'type': 'RT_ICON'}, {'lang': 'NEUTRAL', 'chi2': 1686067.38, 'filetype': 'unknown', 'entropy': 2.1583163738250732, 'sha256': 'c35dba9db796ef2d9a7e1e90abc4b254153d0a150089ef12d7f0ef15fd2fff1e', 'type': 'RT_ICON'}, {'lang': 'NEUTRAL', 'chi2': 1172219.62, 'filetype': 'unknown', 'entropy': 2.22061824798584, 'sha256': 'd608b3d66ddfe967fc250d0f0062aaf32f55cac29a365ce2ea9e03cb60b428be', 'type': 'RT_ICON'}, {'lang': 'NEUTRAL', 'chi2': 755783.31, 'filetype': 'unknown', 'entropy': 2.1996448040008545, 'sha256': '244201179029adab3cac3897294bcce4059f7373f15ed0d37ea408787bf9a233', 'type': 'RT_ICON'}, {'lang': 'NEUTRAL', 'chi2': 273772.0, 'filetype': 'unknown', 'entropy': 2.4415054321289062, 'sha256': '9cecc1a656e9797d144cc6df20853997ca978c575c15af3882b206e887692ff1', 'type': 'RT_ICON'}, {'lang': 'NEUTRAL', 'chi2': 111905.52, 'filetype': 'unknown', 'entropy': 2.87601637840271, 'sha256': '41f1ed8e26263a5234eca6b1a2a296142e84a7a1e773d88e405bc04567582034', 'type': 'RT_ICON'}, {'lang': 'NEUTRAL', 'chi2': 46705.88, 'filetype': 'unknown', 'entropy': 3.137157678604126, 'sha256': 'efbe97f31cf6b2afc57c65ce1452a97468121b11abf8802492f2f5dcd67ad7b2', 'type': 'RT_ICON'}, {'lang': 'NEUTRAL', 'chi2': 14390.18, 'filetype': 'ICO', 'entropy': 2.5468313694000244, 'sha256': '9e69676ceebf756bfc0f99a145dbb90c470c13f5ad683d2275df891954e7b574', 'type': 'RT_GROUP_ICON'}, {'lang': 'NEUTRAL', 'chi2': 70385.88, 'filetype': 'unknown', 'entropy': 3.2936668395996094, 'sha256': '67e47e9725dbe34e02cc492ed24a3e14bcd77381b9cc743cf31b1a1e6cac7700', 'type': 'RT_VERSION'}, {'lang': 'NEUTRAL', 'chi2': 4719.86, 'filetype': 'unknown', 'entropy': 5.00111722946167, 'sha256': '539dc26a14b6277e87348594ab7d6e932d16aabb18612d77f29fe421a9f1d46a', 'type': 'RT_MANIFEST'}], 'resource_langs': {'NEUTRAL': 12}, 'resource_types': {'RT_ICON': 9, 'RT_MANIFEST': 1, 'RT_VERSION': 1, 'RT_GROUP_ICON': 1}, 'sections': [{'name': '.text', 'chi2': 2349425.0, 'virtual_address': 8192, 'entropy': 7.21, 'raw_size': 686080, 'flags': 'rx', 'virtual_size': 685780, 'md5': '508278e5d81666319a6900668ac5accc'}, {'name': '.rsrc', 'chi2': 10158712.0, 'virtual_address': 696320, 'entropy': 2.98, 'raw_size': 167424, 'flags': 'r', 'virtual_size': 167016, 'md5': '8349e1bd2b84069998b2b7b89b3bbb70'}, {'name': '.reloc', 'chi2': 128015.0, 'virtual_address': 868352, 'entropy': 0.1, 'raw_size': 512, 'flags': 'r', 'virtual_size': 12, 'md5': 'e411efee20692154671d6ddfb26598b6'}], 'import_list': [{'library_name': 'mscoree.dll', 'imported_functions': ['_CorExeMain']}]}, 'times_submitted': 1, 'last_analysis_date': 1728725959, 'ssdeep': '12288:s6OcT7Mlhu1lqbLxZf8oO2u+0UhKw2w9qHMv7nJIRGihlxs9E1/y5+M50NMNP7ng:s6jT7j1lqhx8oi08Hr', 'dot_net_guids': {'mvid': '1358db35-7899-453e-a7a5-92b03c0c3abc'}, 'last_modification_date': 1730985855, 'packers': {'PEiD': '.NET executable'}, 'type_tags': ['executable', 'windows', 'win32', 'pe', 'peexe'], 'sigma_analysis_results': [{'match_context': [{'values': {'EventID': '3', 'ProcessId': '1728', 'DestinationPortName': '-', 'SourceIsIpv6': 'false', 'DestinationIp': '255.255.255.255', 'Initiated': 'true', 'SourcePortName': '-', 'Image': 'C:\\Users\\admin\\AppData\\Local\\Programs\\Python\\Python37\\pythonw.exe', 'RuleName': 'Usermode', 'DestinationHostname': '-', 'UtcTime': '2022-06-24 18:14:25.187', 'User': 'work\\admin', 'DestinationPort': '12345', 'ProcessGuid': '5240FBE6-FEF4-62B5-3B00-000000002400', 'SourcePort': '49788', 'Protocol': 'udp', 'SourceHostname': '-', 'SourceIp': '192.168.122.246', 'DestinationIsIpv6': 'false'}}, {'values': {'EventID': '3', 'ProcessId': '1728', 'DestinationPortName': '-', 'SourceIsIpv6': 'false', 'DestinationIp': '74.125.196.153', 'Initiated': 'true', 'SourcePortName': '-', 'Image': 'C:\\Users\\admin\\AppData\\Local\\Programs\\Python\\Python37\\pythonw.exe', 'RuleName': 'Usermode', 'DestinationHostname': '-', 'UtcTime': '2022-06-24 18:14:40.381', 'User': 'work\\admin', 'DestinationPort': '443', 'ProcessGuid': '5240FBE6-FEF4-62B5-3B00-000000002400', 'SourcePort': '49168', 'Protocol': 'tcp', 'SourceHostname': '-', 'SourceIp': '192.168.122.246', 'DestinationIsIpv6': 'false'}}, {'values': {'EventID': '3', 'ProcessId': '1728', 'DestinationPortName': '-', 'Protocol': 'tcp', 'Initiated': 'true', 'DestinationIp': '74.125.196.153', 'SourcePortName': '-', 'Image': 'C:\\Users\\admin\\AppData\\Local\\Programs\\Python\\Python37\\pythonw.exe', 'RuleName': 'Usermode', 'DestinationHostname': '-', 'UtcTime': '2022-06-24 18:14:46.149', 'User': 'work\\admin', 'DestinationPort': '443', 'ProcessGuid': '5240FBE6-FEF4-62B5-3B00-000000002400', 'SourcePort': '49169', 'SourceIsIpv6': 'false', 'SourceHostname': '-', 'SourceIp': '192.168.122.246', 'DestinationIsIpv6': 'false'}}, {'values': {'EventID': '3', 'ProcessId': '1728', 'DestinationPortName': '-', 'Protocol': 'tcp', 'Initiated': 'true', 'DestinationIp': '74.125.196.153', 'SourcePortName': '-', 'Image': 'C:\\Users\\admin\\AppData\\Local\\Programs\\Python\\Python37\\pythonw.exe', 'RuleName': 'Usermode', 'DestinationHostname': '-', 'UtcTime': '2022-06-24 18:14:46.610', 'User': 'work\\admin', 'DestinationPort': '443', 'ProcessGuid': '5240FBE6-FEF4-62B5-3B00-000000002400', 'SourcePort': '49170', 'SourceIsIpv6': 'false', 'SourceHostname': '-', 'SourceIp': '192.168.122.246', 'DestinationIsIpv6': 'false'}}, {'values': {'EventID': '3', 'ProcessId': '1728', 'DestinationPortName': '-', 'Protocol': 'tcp', 'Initiated': 'true', 'DestinationIp': '74.125.196.153', 'SourcePortName': '-', 'Image': 'C:\\Users\\admin\\AppData\\Local\\Programs\\Python\\Python37\\pythonw.exe', 'RuleName': 'Usermode', 'DestinationHostname': '-', 'UtcTime': '2022-06-24 18:14:51.774', 'User': 'work\\admin', 'DestinationPort': '443', 'ProcessGuid': '5240FBE6-FEF4-62B5-3B00-000000002400', 'SourcePort': '49171', 'SourceIsIpv6': 'false', 'SourceHostname': '-', 'SourceIp': '192.168.122.246', 'DestinationIsIpv6': 'false'}}, {'values': {'EventID': '3', 'ProcessId': '1728', 'DestinationPortName': '-', 'Protocol': 'tcp', 'DestinationIp': '172.217.204.153', 'Initiated': 'true', 'SourcePortName': '-', 'Image': 'C:\\Users\\admin\\AppData\\Local\\Programs\\Python\\Python37\\pythonw.exe', 'RuleName': 'Usermode', 'DestinationHostname': '-', 'UtcTime': '2022-06-24 18:14:57.323', 'User': 'work\\admin', 'DestinationPort': '443', 'ProcessGuid': '5240FBE6-FEF4-62B5-3B00-000000002400', 'SourcePort': '49172', 'SourceIsIpv6': 'false', 'SourceHostname': '-', 'SourceIp': '192.168.122.246', 'DestinationIsIpv6': 'false'}}, {'values': {'EventID': '3', 'ProcessId': '1728', 'DestinationPortName': '-', 'Protocol': 'tcp', 'DestinationIp': '172.217.204.153', 'Initiated': 'true', 'SourcePortName': '-', 'Image': 'C:\\Users\\admin\\AppData\\Local\\Programs\\Python\\Python37\\pythonw.exe', 'RuleName': 'Usermode', 'DestinationHostname': '-', 'UtcTime': '2022-06-24 18:14:57.809', 'User': 'work\\admin', 'DestinationPort': '443', 'ProcessGuid': '5240FBE6-FEF4-62B5-3B00-000000002400', 'SourcePort': '49173', 'SourceIsIpv6': 'false', 'SourceHostname': '-', 'SourceIp': '192.168.122.246', 'DestinationIsIpv6': 'false'}}, {'values': {'EventID': '3', 'ProcessId': '1728', 'DestinationPortName': '-', 'Protocol': 'tcp', 'Initiated': 'true', 'DestinationIp': '172.217.204.153', 'SourcePortName': '-', 'Image': 'C:\\Users\\admin\\AppData\\Local\\Programs\\Python\\Python37\\pythonw.exe', 'RuleName': 'Usermode', 'DestinationHostname': '-', 'UtcTime': '2022-06-24 18:15:02.988', 'User': 'work\\admin', 'DestinationPort': '443', 'ProcessGuid': '5240FBE6-FEF4-62B5-3B00-000000002400', 'SourcePort': '49174', 'SourceIsIpv6': 'false', 'SourceHostname': '-', 'SourceIp': '192.168.122.246', 'DestinationIsIpv6': 'false'}}, {'values': {'EventID': '3', 'ProcessId': '1728', 'DestinationPortName': '-', 'SourceIsIpv6': 'false', 'DestinationIp': '172.217.204.153', 'Initiated': 'true', 'SourcePortName': '-', 'Image': 'C:\\Users\\admin\\AppData\\Local\\Programs\\Python\\Python37\\pythonw.exe', 'RuleName': 'Usermode', 'DestinationHostname': '-', 'UtcTime': '2022-06-24 18:15:08.557', 'User': 'work\\admin', 'DestinationPort': '443', 'ProcessGuid': '5240FBE6-FEF4-62B5-3B00-000000002400', 'SourcePort': '49175', 'Protocol': 'tcp', 'SourceHostname': '-', 'SourceIp': '192.168.122.246', 'DestinationIsIpv6': 'false'}}, {'values': {'EventID': '3', 'ProcessId': '1728', 'DestinationPortName': '-', 'Protocol': 'tcp', 'DestinationIp': '172.217.204.153', 'Initiated': 'true', 'SourcePortName': '-', 'Image': 'C:\\Users\\admin\\AppData\\Local\\Programs\\Python\\Python37\\pythonw.exe', 'RuleName': 'Usermode', 'DestinationHostname': '-', 'UtcTime': '2022-06-24 18:15:09.033', 'User': 'work\\admin', 'DestinationPort': '443', 'ProcessGuid': '5240FBE6-FEF4-62B5-3B00-000000002400', 'SourcePort': '49176', 'SourceIsIpv6': 'false', 'SourceHostname': '-', 'SourceIp': '192.168.122.246', 'DestinationIsIpv6': 'false'}}, {'values': {'EventID': '3', 'ProcessId': '1728', 'DestinationPortName': '-', 'SourceIsIpv6': 'false', 'Initiated': 'true', 'DestinationIp': '172.217.204.153', 'SourcePortName': '-', 'Image': 'C:\\Users\\admin\\AppData\\Local\\Programs\\Python\\Python37\\pythonw.exe', 'RuleName': 'Usermode', 'DestinationHostname': '-', 'UtcTime': '2022-06-24 18:15:14.201', 'User': 'work\\admin', 'DestinationPort': '443', 'ProcessGuid': '5240FBE6-FEF4-62B5-3B00-000000002400', 'SourcePort': '49177', 'Protocol': 'tcp', 'SourceHostname': '-', 'SourceIp': '192.168.122.246', 'DestinationIsIpv6': 'false'}}, {'values': {'EventID': '3', 'ProcessId': '1728', 'DestinationPortName': '-', 'Protocol': 'tcp', 'DestinationIp': '172.217.204.153', 'Initiated': 'true', 'SourcePortName': '-', 'Image': 'C:\\Users\\admin\\AppData\\Local\\Programs\\Python\\Python37\\pythonw.exe', 'RuleName': 'Usermode', 'DestinationHostname': '-', 'UtcTime': '2022-06-24 18:15:19.786', 'User': 'work\\admin', 'DestinationPort': '443', 'ProcessGuid': '5240FBE6-FEF4-62B5-3B00-000000002400', 'SourcePort': '49178', 'SourceIsIpv6': 'false', 'SourceHostname': '-', 'SourceIp': '192.168.122.246', 'DestinationIsIpv6': 'false'}}, {'values': {'EventID': '3', 'ProcessId': '1728', 'DestinationPortName': '-', 'Protocol': 'tcp', 'Initiated': 'true', 'DestinationIp': '172.217.204.153', 'SourcePortName': '-', 'Image': 'C:\\Users\\admin\\AppData\\Local\\Programs\\Python\\Python37\\pythonw.exe', 'RuleName': 'Usermode', 'DestinationHostname': '-', 'UtcTime': '2022-06-24 18:15:20.275', 'User': 'work\\admin', 'DestinationPort': '443', 'ProcessGuid': '5240FBE6-FEF4-62B5-3B00-000000002400', 'SourcePort': '49179', 'SourceIsIpv6': 'false', 'SourceHostname': '-', 'SourceIp': '192.168.122.246', 'DestinationIsIpv6': 'false'}}, {'values': {'EventID': '3', 'ProcessId': '1728', 'DestinationPortName': '-', 'Protocol': 'tcp', 'Initiated': 'true', 'DestinationIp': '172.217.204.153', 'SourcePortName': '-', 'Image': 'C:\\Users\\admin\\AppData\\Local\\Programs\\Python\\Python37\\pythonw.exe', 'RuleName': 'Usermode', 'DestinationHostname': '-', 'UtcTime': '2022-06-24 18:15:25.464', 'User': 'work\\admin', 'DestinationPort': '443', 'ProcessGuid': '5240FBE6-FEF4-62B5-3B00-000000002400', 'SourcePort': '49180', 'SourceIsIpv6': 'false', 'SourceHostname': '-', 'SourceIp': '192.168.122.246', 'DestinationIsIpv6': 'false'}}, {'values': {'EventID': '3', 'ProcessId': '1728', 'DestinationPortName': '-', 'Protocol': 'tcp', 'DestinationIp': '172.217.204.153', 'Initiated': 'true', 'SourcePortName': '-', 'Image': 'C:\\Users\\admin\\AppData\\Local\\Programs\\Python\\Python37\\pythonw.exe', 'RuleName': 'Usermode', 'DestinationHostname': '-', 'UtcTime': '2022-06-24 18:15:31.235', 'User': 'work\\admin', 'DestinationPort': '443', 'ProcessGuid': '5240FBE6-FEF4-62B5-3B00-000000002400', 'SourcePort': '49181', 'SourceIsIpv6': 'false', 'SourceHostname': '-', 'SourceIp': '192.168.122.246', 'DestinationIsIpv6': 'false'}}, {'values': {'EventID': '3', 'ProcessId': '1728', 'DestinationPortName': '-', 'Protocol': 'tcp', 'Initiated': 'true', 'DestinationIp': '172.217.204.153', 'SourcePortName': '-', 'Image': 'C:\\Users\\admin\\AppData\\Local\\Programs\\Python\\Python37\\pythonw.exe', 'RuleName': 'Usermode', 'DestinationHostname': '-', 'UtcTime': '2022-06-24 18:15:31.763', 'User': 'work\\admin', 'DestinationPort': '443', 'ProcessGuid': '5240FBE6-FEF4-62B5-3B00-000000002400', 'SourcePort': '49182', 'SourceIsIpv6': 'false', 'SourceHostname': '-', 'SourceIp': '192.168.122.246', 'DestinationIsIpv6': 'false'}}, {'values': {'EventID': '3', 'ProcessId': '1728', 'DestinationPortName': '-', 'SourceIsIpv6': 'false', 'Initiated': 'true', 'DestinationIp': '172.217.204.153', 'SourcePortName': '-', 'Image': 'C:\\Users\\admin\\AppData\\Local\\Programs\\Python\\Python37\\pythonw.exe', 'RuleName': 'Usermode', 'DestinationHostname': '-', 'UtcTime': '2022-06-24 18:15:36.972', 'User': 'work\\admin', 'DestinationPort': '443', 'ProcessGuid': '5240FBE6-FEF4-62B5-3B00-000000002400', 'SourcePort': '49183', 'Protocol': 'tcp', 'SourceHostname': '-', 'SourceIp': '192.168.122.246', 'DestinationIsIpv6': 'false'}}, {'values': {'EventID': '3', 'ProcessId': '1728', 'DestinationPortName': '-', 'Protocol': 'tcp', 'DestinationIp': '172.217.204.153', 'Initiated': 'true', 'SourcePortName': '-', 'Image': 'C:\\Users\\admin\\AppData\\Local\\Programs\\Python\\Python37\\pythonw.exe', 'RuleName': 'Usermode', 'DestinationHostname': '-', 'UtcTime': '2022-06-24 18:15:42.749', 'User': 'work\\admin', 'DestinationPort': '443', 'ProcessGuid': '5240FBE6-FEF4-62B5-3B00-000000002400', 'SourcePort': '49184', 'SourceIsIpv6': 'false', 'SourceHostname': '-', 'SourceIp': '192.168.122.246', 'DestinationIsIpv6': 'false'}}, {'values': {'EventID': '3', 'ProcessId': '1728', 'DestinationPortName': '-', 'SourceIsIpv6': 'false', 'Initiated': 'true', 'DestinationIp': '172.217.204.153', 'SourcePortName': '-', 'Image': 'C:\\Users\\admin\\AppData\\Local\\Programs\\Python\\Python37\\pythonw.exe', 'RuleName': 'Usermode', 'DestinationHostname': '-', 'UtcTime': '2022-06-24 18:15:43.264', 'User': 'work\\admin', 'DestinationPort': '443', 'ProcessGuid': '5240FBE6-FEF4-62B5-3B00-000000002400', 'SourcePort': '49185', 'Protocol': 'tcp', 'SourceHostname': '-', 'SourceIp': '192.168.122.246', 'DestinationIsIpv6': 'false'}}, {'values': {'EventID': '3', 'ProcessId': '1728', 'DestinationPortName': '-', 'SourceIsIpv6': 'false', 'Initiated': 'true', 'DestinationIp': '172.217.204.153', 'SourcePortName': '-', 'Image': 'C:\\Users\\admin\\AppData\\Local\\Programs\\Python\\Python37\\pythonw.exe', 'RuleName': 'Usermode', 'DestinationHostname': '-', 'UtcTime': '2022-06-24 18:15:48.514', 'User': 'work\\admin', 'DestinationPort': '443', 'ProcessGuid': '5240FBE6-FEF4-62B5-3B00-000000002400', 'SourcePort': '49186', 'Protocol': 'tcp', 'SourceHostname': '-', 'SourceIp': '192.168.122.246', 'DestinationIsIpv6': 'false'}}, {'values': {'EventID': '3', 'ProcessId': '1728', 'DestinationPortName': '-', 'SourceIsIpv6': 'false', 'DestinationIp': '172.217.204.153', 'Initiated': 'true', 'SourcePortName': '-', 'Image': 'C:\\Users\\admin\\AppData\\Local\\Programs\\Python\\Python37\\pythonw.exe', 'RuleName': 'Usermode', 'DestinationHostname': '-', 'UtcTime': '2022-06-24 18:15:54.216', 'User': 'work\\admin', 'DestinationPort': '443', 'ProcessGuid': '5240FBE6-FEF4-62B5-3B00-000000002400', 'SourcePort': '49187', 'Protocol': 'tcp', 'SourceHostname': '-', 'SourceIp': '192.168.122.246', 'DestinationIsIpv6': 'false'}}, {'values': {'EventID': '3', 'ProcessId': '1728', 'DestinationPortName': '-', 'Protocol': 'tcp', 'DestinationIp': '172.217.204.153', 'Initiated': 'true', 'SourcePortName': '-', 'Image': 'C:\\Users\\admin\\AppData\\Local\\Programs\\Python\\Python37\\pythonw.exe', 'RuleName': 'Usermode', 'DestinationHostname': '-', 'UtcTime': '2022-06-24 18:15:55.030', 'User': 'work\\admin', 'DestinationPort': '443', 'ProcessGuid': '5240FBE6-FEF4-62B5-3B00-000000002400', 'SourcePort': '49188', 'SourceIsIpv6': 'false', 'SourceHostname': '-', 'SourceIp': '192.168.122.246', 'DestinationIsIpv6': 'false'}}, {'values': {'EventID': '3', 'ProcessId': '1728', 'DestinationPortName': '-', 'SourceIsIpv6': 'false', 'DestinationIp': '172.217.204.153', 'Initiated': 'true', 'SourcePortName': '-', 'Image': 'C:\\Users\\admin\\AppData\\Local\\Programs\\Python\\Python37\\pythonw.exe', 'RuleName': 'Usermode', 'DestinationHostname': '-', 'UtcTime': '2022-06-24 18:16:00.301', 'User': 'work\\admin', 'DestinationPort': '443', 'ProcessGuid': '5240FBE6-FEF4-62B5-3B00-000000002400', 'SourcePort': '49189', 'Protocol': 'tcp', 'SourceHostname': '-', 'SourceIp': '192.168.122.246', 'DestinationIsIpv6': 'false'}}, {'values': {'EventID': '3', 'ProcessId': '1728', 'DestinationPortName': '-', 'Protocol': 'tcp', 'Initiated': 'true', 'DestinationIp': '172.217.204.153', 'SourcePortName': '-', 'Image': 'C:\\Users\\admin\\AppData\\Local\\Programs\\Python\\Python37\\pythonw.exe', 'RuleName': 'Usermode', 'DestinationHostname': '-', 'UtcTime': '2022-06-24 18:16:06.212', 'User': 'work\\admin', 'DestinationPort': '443', 'ProcessGuid': '5240FBE6-FEF4-62B5-3B00-000000002400', 'SourcePort': '49192', 'SourceIsIpv6': 'false', 'SourceHostname': '-', 'SourceIp': '192.168.122.246', 'DestinationIsIpv6': 'false'}}, {'values': {'EventID': '3', 'ProcessId': '1728', 'DestinationPortName': '-', 'SourceIsIpv6': 'false', 'DestinationIp': '172.217.204.153', 'Initiated': 'true', 'SourcePortName': '-', 'Image': 'C:\\Users\\admin\\AppData\\Local\\Programs\\Python\\Python37\\pythonw.exe', 'RuleName': 'Usermode', 'DestinationHostname': '-', 'UtcTime': '2022-06-24 18:16:07.118', 'User': 'work\\admin', 'DestinationPort': '443', 'ProcessGuid': '5240FBE6-FEF4-62B5-3B00-000000002400', 'SourcePort': '49193', 'Protocol': 'tcp', 'SourceHostname': '-', 'SourceIp': '192.168.122.246', 'DestinationIsIpv6': 'false'}}, {'values': {'EventID': '3', 'ProcessId': '1728', 'DestinationPortName': '-', 'SourceIsIpv6': 'false', 'DestinationIp': '172.217.204.153', 'Initiated': 'true', 'SourcePortName': '-', 'Image': 'C:\\Users\\admin\\AppData\\Local\\Programs\\Python\\Python37\\pythonw.exe', 'RuleName': 'Usermode', 'DestinationHostname': '-', 'UtcTime': '2022-06-24 18:16:12.364', 'User': 'work\\admin', 'DestinationPort': '443', 'ProcessGuid': '5240FBE6-FEF4-62B5-3B00-000000002400', 'SourcePort': '49194', 'Protocol': 'tcp', 'SourceHostname': '-', 'SourceIp': '192.168.122.246', 'DestinationIsIpv6': 'false'}}, {'values': {'EventID': '3', 'ProcessId': '1728', 'DestinationPortName': '-', 'SourceIsIpv6': 'false', 'Initiated': 'true', 'DestinationIp': '255.255.255.255', 'SourcePortName': '-', 'Image': 'C:\\Users\\admin\\AppData\\Local\\Programs\\Python\\Python37\\pythonw.exe', 'RuleName': 'Usermode', 'DestinationHostname': '-', 'UtcTime': '2022-06-24 18:14:25.187', 'User': 'work\\admin', 'DestinationPort': '12345', 'ProcessGuid': '5240FBE6-FEF4-62B5-3B00-000000002400', 'SourcePort': '49788', 'Protocol': 'udp', 'SourceHostname': '-', 'SourceIp': '192.168.122.246', 'DestinationIsIpv6': 'false'}}, {'values': {'EventID': '3', 'ProcessId': '1728', 'DestinationPortName': '-', 'SourceIsIpv6': 'false', 'DestinationIp': '74.125.196.153', 'Initiated': 'true', 'SourcePortName': '-', 'Image': 'C:\\Users\\admin\\AppData\\Local\\Programs\\Python\\Python37\\pythonw.exe', 'ProcessGuid': '5240FBE6-FEF4-62B5-3B00-000000002400', 'DestinationHostname': '-', 'UtcTime': '2022-06-24 18:14:40.381', 'User': 'work\\admin', 'DestinationPort': '443', 'RuleName': 'Usermode', 'SourcePort': '49168', 'Protocol': 'tcp', 'SourceHostname': '-', 'SourceIp': '192.168.122.246', 'DestinationIsIpv6': 'false'}}, {'values': {'EventID': '3', 'ProcessId': '1728', 'DestinationPortName': '-', 'SourceIsIpv6': 'false', 'DestinationIp': '74.125.196.153', 'Initiated': 'true', 'SourcePortName': '-', 'Image': 'C:\\Users\\admin\\AppData\\Local\\Programs\\Python\\Python37\\pythonw.exe', 'RuleName': 'Usermode', 'DestinationHostname': '-', 'UtcTime': '2022-06-24 18:14:46.149', 'User': 'work\\admin', 'DestinationPort': '443', 'ProcessGuid': '5240FBE6-FEF4-62B5-3B00-000000002400', 'SourcePort': '49169', 'Protocol': 'tcp', 'DestinationIsIpv6': 'false', 'SourceIp': '192.168.122.246', 'SourceHostname': '-'}}, {'values': {'EventID': '3', 'ProcessId': '1728', 'DestinationPortName': '-', 'Protocol': 'tcp', 'DestinationIp': '74.125.196.153', 'Initiated': 'true', 'SourcePortName': '-', 'Image': 'C:\\Users\\admin\\AppData\\Local\\Programs\\Python\\Python37\\pythonw.exe', 'RuleName': 'Usermode', 'DestinationHostname': '-', 'UtcTime': '2022-06-24 18:14:46.610', 'User': 'work\\admin', 'DestinationPort': '443', 'ProcessGuid': '5240FBE6-FEF4-62B5-3B00-000000002400', 'SourcePort': '49170', 'SourceIsIpv6': 'false', 'SourceHostname': '-', 'SourceIp': '192.168.122.246', 'DestinationIsIpv6': 'false'}}, {'values': {'EventID': '3', 'ProcessId': '1728', 'DestinationPortName': '-', 'Protocol': 'tcp', 'DestinationIp': '74.125.196.153', 'Initiated': 'true', 'SourcePortName': '-', 'Image': 'C:\\Users\\admin\\AppData\\Local\\Programs\\Python\\Python37\\pythonw.exe', 'ProcessGuid': '5240FBE6-FEF4-62B5-3B00-000000002400', 'DestinationHostname': '-', 'UtcTime': '2022-06-24 18:14:51.774', 'User': 'work\\admin', 'DestinationPort': '443', 'RuleName': 'Usermode', 'SourcePort': '49171', 'SourceIsIpv6': 'false', 'DestinationIsIpv6': 'false', 'SourceIp': '192.168.122.246', 'SourceHostname': '-'}}, {'values': {'EventID': '3', 'ProcessId': '1728', 'DestinationPortName': '-', 'Protocol': 'tcp', 'Initiated': 'true', 'DestinationIp': '172.217.204.153', 'SourcePortName': '-', 'Image': 'C:\\Users\\admin\\AppData\\Local\\Programs\\Python\\Python37\\pythonw.exe', 'ProcessGuid': '5240FBE6-FEF4-62B5-3B00-000000002400', 'DestinationHostname': '-', 'UtcTime': '2022-06-24 18:14:57.323', 'User': 'work\\admin', 'DestinationPort': '443', 'RuleName': 'Usermode', 'SourcePort': '49172', 'SourceIsIpv6': 'false', 'SourceHostname': '-', 'SourceIp': '192.168.122.246', 'DestinationIsIpv6': 'false'}}, {'values': {'EventID': '3', 'ProcessId': '1728', 'DestinationPortName': '-', 'SourceIsIpv6': 'false', 'Initiated': 'true', 'DestinationIp': '172.217.204.153', 'SourcePortName': '-', 'Image': 'C:\\Users\\admin\\AppData\\Local\\Programs\\Python\\Python37\\pythonw.exe', 'RuleName': 'Usermode', 'DestinationHostname': '-', 'UtcTime': '2022-06-24 18:14:57.809', 'User': 'work\\admin', 'DestinationPort': '443', 'ProcessGuid': '5240FBE6-FEF4-62B5-3B00-000000002400', 'SourcePort': '49173', 'Protocol': 'tcp', 'SourceHostname': '-', 'SourceIp': '192.168.122.246', 'DestinationIsIpv6': 'false'}}, {'values': {'EventID': '3', 'ProcessId': '1728', 'DestinationPortName': '-', 'Protocol': 'tcp', 'Initiated': 'true', 'DestinationIp': '172.217.204.153', 'SourcePortName': '-', 'Image': 'C:\\Users\\admin\\AppData\\Local\\Programs\\Python\\Python37\\pythonw.exe', 'ProcessGuid': '5240FBE6-FEF4-62B5-3B00-000000002400', 'DestinationHostname': '-', 'UtcTime': '2022-06-24 18:15:02.988', 'User': 'work\\admin', 'DestinationPort': '443', 'RuleName': 'Usermode', 'SourcePort': '49174', 'SourceIsIpv6': 'false', 'DestinationIsIpv6': 'false', 'SourceIp': '192.168.122.246', 'SourceHostname': '-'}}, {'values': {'EventID': '3', 'ProcessId': '1728', 'DestinationPortName': '-', 'SourceIsIpv6': 'false', 'DestinationIp': '172.217.204.153', 'Initiated': 'true', 'SourcePortName': '-', 'Image': 'C:\\Users\\admin\\AppData\\Local\\Programs\\Python\\Python37\\pythonw.exe', 'ProcessGuid': '5240FBE6-FEF4-62B5-3B00-000000002400', 'DestinationHostname': '-', 'UtcTime': '2022-06-24 18:15:08.557', 'User': 'work\\admin', 'DestinationPort': '443', 'RuleName': 'Usermode', 'SourcePort': '49175', 'Protocol': 'tcp', 'SourceHostname': '-', 'SourceIp': '192.168.122.246', 'DestinationIsIpv6': 'false'}}, {'values': {'EventID': '3', 'ProcessId': '1728', 'DestinationPortName': '-', 'SourceIsIpv6': 'false', 'Initiated': 'true', 'DestinationIp': '172.217.204.153', 'SourcePortName': '-', 'Image': 'C:\\Users\\admin\\AppData\\Local\\Programs\\Python\\Python37\\pythonw.exe', 'RuleName': 'Usermode', 'DestinationHostname': '-', 'UtcTime': '2022-06-24 18:15:09.033', 'User': 'work\\admin', 'DestinationPort': '443', 'ProcessGuid': '5240FBE6-FEF4-62B5-3B00-000000002400', 'SourcePort': '49176', 'Protocol': 'tcp', 'SourceHostname': '-', 'SourceIp': '192.168.122.246', 'DestinationIsIpv6': 'false'}}, {'values': {'EventID': '3', 'ProcessId': '1728', 'DestinationPortName': '-', 'SourceIsIpv6': 'false', 'Initiated': 'true', 'DestinationIp': '172.217.204.153', 'SourcePortName': '-', 'Image': 'C:\\Users\\admin\\AppData\\Local\\Programs\\Python\\Python37\\pythonw.exe', 'RuleName': 'Usermode', 'DestinationHostname': '-', 'UtcTime': '2022-06-24 18:15:14.201', 'User': 'work\\admin', 'DestinationPort': '443', 'ProcessGuid': '5240FBE6-FEF4-62B5-3B00-000000002400', 'SourcePort': '49177', 'Protocol': 'tcp', 'SourceHostname': '-', 'SourceIp': '192.168.122.246', 'DestinationIsIpv6': 'false'}}, {'values': {'EventID': '3', 'ProcessId': '1728', 'DestinationPortName': '-', 'Protocol': 'tcp', 'DestinationIp': '172.217.204.153', 'Initiated': 'true', 'SourcePortName': '-', 'Image': 'C:\\Users\\admin\\AppData\\Local\\Programs\\Python\\Python37\\pythonw.exe', 'ProcessGuid': '5240FBE6-FEF4-62B5-3B00-000000002400', 'DestinationHostname': '-', 'UtcTime': '2022-06-24 18:15:19.786', 'User': 'work\\admin', 'DestinationPort': '443', 'RuleName': 'Usermode', 'SourcePort': '49178', 'SourceIsIpv6': 'false', 'SourceHostname': '-', 'SourceIp': '192.168.122.246', 'DestinationIsIpv6': 'false'}}, {'values': {'EventID': '3', 'ProcessId': '1728', 'DestinationPortName': '-', 'SourceIsIpv6': 'false', 'Initiated': 'true', 'DestinationIp': '172.217.204.153', 'SourcePortName': '-', 'Image': 'C:\\Users\\admin\\AppData\\Local\\Programs\\Python\\Python37\\pythonw.exe', 'ProcessGuid': '5240FBE6-FEF4-62B5-3B00-000000002400', 'DestinationHostname': '-', 'UtcTime': '2022-06-24 18:15:20.275', 'User': 'work\\admin', 'DestinationPort': '443', 'RuleName': 'Usermode', 'SourcePort': '49179', 'Protocol': 'tcp', 'SourceHostname': '-', 'SourceIp': '192.168.122.246', 'DestinationIsIpv6': 'false'}}, {'values': {'EventID': '3', 'ProcessId': '1728', 'DestinationPortName': '-', 'SourceIsIpv6': 'false', 'DestinationIp': '172.217.204.153', 'Initiated': 'true', 'SourcePortName': '-', 'Image': 'C:\\Users\\admin\\AppData\\Local\\Programs\\Python\\Python37\\pythonw.exe', 'ProcessGuid': '5240FBE6-FEF4-62B5-3B00-000000002400', 'DestinationHostname': '-', 'UtcTime': '2022-06-24 18:15:25.464', 'User': 'work\\admin', 'DestinationPort': '443', 'RuleName': 'Usermode', 'SourcePort': '49180', 'Protocol': 'tcp', 'SourceHostname': '-', 'SourceIp': '192.168.122.246', 'DestinationIsIpv6': 'false'}}, {'values': {'EventID': '3', 'ProcessId': '1728', 'DestinationPortName': '-', 'SourceIsIpv6': 'false', 'DestinationIp': '172.217.204.153', 'Initiated': 'true', 'SourcePortName': '-', 'Image': 'C:\\Users\\admin\\AppData\\Local\\Programs\\Python\\Python37\\pythonw.exe', 'RuleName': 'Usermode', 'DestinationHostname': '-', 'UtcTime': '2022-06-24 18:15:31.235', 'User': 'work\\admin', 'DestinationPort': '443', 'ProcessGuid': '5240FBE6-FEF4-62B5-3B00-000000002400', 'SourcePort': '49181', 'Protocol': 'tcp', 'DestinationIsIpv6': 'false', 'SourceIp': '192.168.122.246', 'SourceHostname': '-'}}, {'values': {'EventID': '3', 'ProcessId': '1728', 'DestinationPortName': '-', 'Protocol': 'tcp', 'Initiated': 'true', 'DestinationIp': '172.217.204.153', 'SourcePortName': '-', 'Image': 'C:\\Users\\admin\\AppData\\Local\\Programs\\Python\\Python37\\pythonw.exe', 'RuleName': 'Usermode', 'DestinationHostname': '-', 'UtcTime': '2022-06-24 18:15:31.763', 'User': 'work\\admin', 'DestinationPort': '443', 'ProcessGuid': '5240FBE6-FEF4-62B5-3B00-000000002400', 'SourcePort': '49182', 'SourceIsIpv6': 'false', 'SourceHostname': '-', 'SourceIp': '192.168.122.246', 'DestinationIsIpv6': 'false'}}, 